0 info it worked if it ends with ok
1 verbose cli [ '/usr/bin/nodejs', '/usr/bin/npm', 'publish' ]
2 info using npm@1.3.10
3 info using node@v0.10.25
4 verbose publish [ '.' ]
5 verbose cache add [ '.', null ]
6 verbose cache add name=undefined spec="." args=[".",null]
7 verbose parsed url { protocol: null,
7 verbose parsed url   slashes: null,
7 verbose parsed url   auth: null,
7 verbose parsed url   host: null,
7 verbose parsed url   port: null,
7 verbose parsed url   hostname: null,
7 verbose parsed url   hash: null,
7 verbose parsed url   search: null,
7 verbose parsed url   query: null,
7 verbose parsed url   pathname: '.',
7 verbose parsed url   path: '.',
7 verbose parsed url   href: '.' }
8 silly lockFile 3a52ce78- .
9 verbose lock . /home/mmuller/.npm/3a52ce78-.lock
10 verbose tar pack [ '/home/mmuller/tmp/npm-31795-9hU9ZRep/1404329712729-0.2172025223262608/tmp.tgz',
10 verbose tar pack   '.' ]
11 verbose tarball /home/mmuller/tmp/npm-31795-9hU9ZRep/1404329712729-0.2172025223262608/tmp.tgz
12 verbose folder .
13 silly lockFile 1f1177db-tar tar://.
14 verbose lock tar://. /home/mmuller/.npm/1f1177db-tar.lock
15 silly lockFile 83575e9a-12729-0-2172025223262608-tmp-tgz tar:///home/mmuller/tmp/npm-31795-9hU9ZRep/1404329712729-0.2172025223262608/tmp.tgz
16 verbose lock tar:///home/mmuller/tmp/npm-31795-9hU9ZRep/1404329712729-0.2172025223262608/tmp.tgz /home/mmuller/.npm/83575e9a-12729-0-2172025223262608-tmp-tgz.lock
17 silly lockFile 1f1177db-tar tar://.
18 silly lockFile 1f1177db-tar tar://.
19 silly lockFile 83575e9a-12729-0-2172025223262608-tmp-tgz tar:///home/mmuller/tmp/npm-31795-9hU9ZRep/1404329712729-0.2172025223262608/tmp.tgz
20 silly lockFile 83575e9a-12729-0-2172025223262608-tmp-tgz tar:///home/mmuller/tmp/npm-31795-9hU9ZRep/1404329712729-0.2172025223262608/tmp.tgz
21 verbose tar unpack /home/mmuller/tmp/npm-31795-9hU9ZRep/1404329712729-0.2172025223262608/tmp.tgz
22 silly lockFile b9608411-12729-0-2172025223262608-package tar:///home/mmuller/tmp/npm-31795-9hU9ZRep/1404329712729-0.2172025223262608/package
23 verbose lock tar:///home/mmuller/tmp/npm-31795-9hU9ZRep/1404329712729-0.2172025223262608/package /home/mmuller/.npm/b9608411-12729-0-2172025223262608-package.lock
24 silly lockFile 83575e9a-12729-0-2172025223262608-tmp-tgz tar:///home/mmuller/tmp/npm-31795-9hU9ZRep/1404329712729-0.2172025223262608/tmp.tgz
25 verbose lock tar:///home/mmuller/tmp/npm-31795-9hU9ZRep/1404329712729-0.2172025223262608/tmp.tgz /home/mmuller/.npm/83575e9a-12729-0-2172025223262608-tmp-tgz.lock
26 silly gunzTarPerm modes [ '755', '644' ]
27 silly gunzTarPerm extractEntry package.json
28 silly gunzTarPerm modified mode [ 'package.json', 436, 420 ]
29 silly gunzTarPerm extractEntry README.md
30 silly gunzTarPerm modified mode [ 'README.md', 436, 420 ]
31 silly gunzTarPerm extractEntry main.js
32 silly gunzTarPerm modified mode [ 'main.js', 436, 420 ]
33 silly lockFile b9608411-12729-0-2172025223262608-package tar:///home/mmuller/tmp/npm-31795-9hU9ZRep/1404329712729-0.2172025223262608/package
34 silly lockFile b9608411-12729-0-2172025223262608-package tar:///home/mmuller/tmp/npm-31795-9hU9ZRep/1404329712729-0.2172025223262608/package
35 silly lockFile 83575e9a-12729-0-2172025223262608-tmp-tgz tar:///home/mmuller/tmp/npm-31795-9hU9ZRep/1404329712729-0.2172025223262608/tmp.tgz
36 silly lockFile 83575e9a-12729-0-2172025223262608-tmp-tgz tar:///home/mmuller/tmp/npm-31795-9hU9ZRep/1404329712729-0.2172025223262608/tmp.tgz
37 verbose tar pack [ '/home/mmuller/.npm/xxheloname/0.0.3/package.tgz',
37 verbose tar pack   '/home/mmuller/tmp/npm-31795-9hU9ZRep/1404329712729-0.2172025223262608/package' ]
38 verbose tarball /home/mmuller/.npm/xxheloname/0.0.3/package.tgz
39 verbose folder /home/mmuller/tmp/npm-31795-9hU9ZRep/1404329712729-0.2172025223262608/package
40 silly lockFile b9608411-12729-0-2172025223262608-package tar:///home/mmuller/tmp/npm-31795-9hU9ZRep/1404329712729-0.2172025223262608/package
41 verbose lock tar:///home/mmuller/tmp/npm-31795-9hU9ZRep/1404329712729-0.2172025223262608/package /home/mmuller/.npm/b9608411-12729-0-2172025223262608-package.lock
42 silly lockFile 70757125-npm-xxheloname-0-0-3-package-tgz tar:///home/mmuller/.npm/xxheloname/0.0.3/package.tgz
43 verbose lock tar:///home/mmuller/.npm/xxheloname/0.0.3/package.tgz /home/mmuller/.npm/70757125-npm-xxheloname-0-0-3-package-tgz.lock
44 silly lockFile b9608411-12729-0-2172025223262608-package tar:///home/mmuller/tmp/npm-31795-9hU9ZRep/1404329712729-0.2172025223262608/package
45 silly lockFile b9608411-12729-0-2172025223262608-package tar:///home/mmuller/tmp/npm-31795-9hU9ZRep/1404329712729-0.2172025223262608/package
46 silly lockFile 70757125-npm-xxheloname-0-0-3-package-tgz tar:///home/mmuller/.npm/xxheloname/0.0.3/package.tgz
47 silly lockFile 70757125-npm-xxheloname-0-0-3-package-tgz tar:///home/mmuller/.npm/xxheloname/0.0.3/package.tgz
48 silly lockFile 415d9db2-ler-npm-xxheloname-0-0-3-package /home/mmuller/.npm/xxheloname/0.0.3/package
49 verbose lock /home/mmuller/.npm/xxheloname/0.0.3/package /home/mmuller/.npm/415d9db2-ler-npm-xxheloname-0-0-3-package.lock
50 silly lockFile 415d9db2-ler-npm-xxheloname-0-0-3-package /home/mmuller/.npm/xxheloname/0.0.3/package
51 silly lockFile 415d9db2-ler-npm-xxheloname-0-0-3-package /home/mmuller/.npm/xxheloname/0.0.3/package
52 verbose tar unpack /home/mmuller/.npm/xxheloname/0.0.3/package.tgz
53 silly lockFile e92ca606-ler-npm-xxheloname-0-0-3-package tar:///home/mmuller/.npm/xxheloname/0.0.3/package
54 verbose lock tar:///home/mmuller/.npm/xxheloname/0.0.3/package /home/mmuller/.npm/e92ca606-ler-npm-xxheloname-0-0-3-package.lock
55 silly lockFile 70757125-npm-xxheloname-0-0-3-package-tgz tar:///home/mmuller/.npm/xxheloname/0.0.3/package.tgz
56 verbose lock tar:///home/mmuller/.npm/xxheloname/0.0.3/package.tgz /home/mmuller/.npm/70757125-npm-xxheloname-0-0-3-package-tgz.lock
57 silly gunzTarPerm modes [ '755', '644' ]
58 silly gunzTarPerm extractEntry package.json
59 silly gunzTarPerm extractEntry README.md
60 silly gunzTarPerm extractEntry main.js
61 silly lockFile e92ca606-ler-npm-xxheloname-0-0-3-package tar:///home/mmuller/.npm/xxheloname/0.0.3/package
62 silly lockFile e92ca606-ler-npm-xxheloname-0-0-3-package tar:///home/mmuller/.npm/xxheloname/0.0.3/package
63 silly lockFile 70757125-npm-xxheloname-0-0-3-package-tgz tar:///home/mmuller/.npm/xxheloname/0.0.3/package.tgz
64 silly lockFile 70757125-npm-xxheloname-0-0-3-package-tgz tar:///home/mmuller/.npm/xxheloname/0.0.3/package.tgz
65 verbose chmod /home/mmuller/.npm/xxheloname/0.0.3/package.tgz 644
66 verbose chown /home/mmuller/.npm/xxheloname/0.0.3/package.tgz [ 1000, 1000 ]
67 silly lockFile 3a52ce78- .
68 silly lockFile 3a52ce78- .
69 silly publish { name: 'xxheloname',
69 silly publish   version: '0.0.3',
69 silly publish   description: 'hello your name',
69 silly publish   bin: { xxheloname: 'main.js' },
69 silly publish   files: [ 'main.js' ],
69 silly publish   scripts: { test: 'echo "Error: no test specified" && exit 1' },
69 silly publish   author: '',
69 silly publish   license: 'BSD-2-Clause',
69 silly publish   repository:
69 silly publish    { type: 'git',
69 silly publish      url: 'https://github.com/mmmuller/xxxheloname.git' },
69 silly publish   readme: 'xxxheloname\n===========\n\nSample of nodejs program which can run in console\n',
69 silly publish   readmeFilename: 'README.md',
69 silly publish   bugs: { url: 'https://github.com/mmmuller/xxxheloname/issues' },
69 silly publish   _id: 'xxheloname@0.0.3',
69 silly publish   dist: { shasum: 'e1dbbc47d3b926ab0d7de018a78630f8c7345716' },
69 silly publish   _from: '.' }
70 verbose url raw xxheloname
71 verbose url resolving [ 'http://92.222.33.26:4874/', './xxheloname' ]
72 verbose url resolved http://92.222.33.26:4874/xxheloname
73 info trying registry request attempt 1 at 21:35:12
74 http PUT http://92.222.33.26:4874/xxheloname
75 http 409 http://92.222.33.26:4874/xxheloname
76 verbose url raw xxheloname
77 verbose url resolving [ 'http://92.222.33.26:4874/', './xxheloname' ]
78 verbose url resolved http://92.222.33.26:4874/xxheloname
79 info trying registry request attempt 1 at 21:35:12
80 http GET http://92.222.33.26:4874/xxheloname
81 http 200 http://92.222.33.26:4874/xxheloname
82 error publish fail Cannot publish over existing version.
82 error publish fail Update the 'version' field in package.json and try again.
82 error publish fail
82 error publish fail If the previous version was published in error, see:
82 error publish fail     npm help unpublish
82 error publish fail
82 error publish fail To automatically increment version numbers, see:
82 error publish fail     npm help version
83 error System Linux 2.6.32-042stab090.5
84 error command "/usr/bin/nodejs" "/usr/bin/npm" "publish"
85 error cwd /home/mmuller/projects/xxxheloname
86 error node -v v0.10.25
87 error npm -v 1.3.10
88 error code EPUBLISHCONFLICT
89 verbose exit [ 1, true ]
